[0.043s] Invoking command in '/home/lunabotics/2025-tibalt-bot/build/micro_ros_msgs': CMAKE_PREFIX_PATH=${CMAKE_PREFIX_PATH}:/home/lunabotics/2025-tibalt-bot/install/rover_control /usr/bin/cmake --build /home/lunabotics/2025-tibalt-bot/build/micro_ros_msgs -- -j6 -l6
[0.119s] -- Found ament_cmake: 1.3.11 (/opt/ros/humble/share/ament_cmake/cmake)
[0.458s] Traceback (most recent call last):
[0.458s]   File "/opt/ros/humble/share/ament_cmake_core/cmake/package_templates/templates_2_cmake.py", line 21, in <module>
[0.458s]     from ament_package.templates import get_environment_hook_template_path
[0.459s] ModuleNotFoundError: No module named 'ament_package'
[0.505s] [31mCMake Error at /opt/ros/humble/share/ament_cmake_core/cmake/ament_cmake_package_templates-extras.cmake:41 (message):
[0.505s]   execute_process(/usr/bin/python3
[0.505s]   /opt/ros/humble/share/ament_cmake_core/cmake/package_templates/templates_2_cmake.py
[0.505s]   /home/lunabotics/2025-tibalt-bot/build/micro_ros_msgs/ament_cmake_package_templates/templates.cmake)
[0.505s]   returned error code 1
[0.506s] Call Stack (most recent call first):
[0.506s]   /opt/ros/humble/share/ament_cmake_core/cmake/ament_cmake_coreConfig.cmake:41 (include)
[0.506s]   /opt/ros/humble/share/ament_cmake/cmake/ament_cmake_export_dependencies-extras.cmake:15 (find_package)
[0.506s]   /opt/ros/humble/share/ament_cmake/cmake/ament_cmakeConfig.cmake:41 (include)
[0.506s]   CMakeLists.txt:19 (find_package)
[0.507s] 
[0.507s] [0m
[0.507s] -- Configuring incomplete, errors occurred!
[0.507s] See also "/home/lunabotics/2025-tibalt-bot/build/micro_ros_msgs/CMakeFiles/CMakeOutput.log".
[0.517s] gmake: *** [Makefile:1179: cmake_check_build_system] Error 1
[0.635s] Invoked command in '/home/lunabotics/2025-tibalt-bot/build/micro_ros_msgs' returned '2': CMAKE_PREFIX_PATH=${CMAKE_PREFIX_PATH}:/home/lunabotics/2025-tibalt-bot/install/rover_control /usr/bin/cmake --build /home/lunabotics/2025-tibalt-bot/build/micro_ros_msgs -- -j6 -l6
