[0.066s] Invoking command in '/home/lunabotics/2025-tibalt-bot/build/FMT': /usr/bin/cmake --build /home/lunabotics/2025-tibalt-bot/build/FMT -- -j6 -l6
[0.311s] [  1%] [32mBuilding CXX object CMakeFiles/fmt.dir/src/os.cc.o[0m
[0.363s] [  3%] [32mBuilding CXX object CMakeFiles/fmt.dir/src/format.cc.o[0m
[0.368s] [  5%] [32mBuilding CXX object test/CMakeFiles/gmock.dir/gmock-gtest-all.cc.o[0m
[16.064s] [  7%] [32m[1mLinking CXX static library libfmt.a[0m
[16.338s] [  7%] Built target fmt
[30.826s] [  9%] [32m[1mLinking CXX static library libgmock.a[0m
[31.047s] [  9%] Built target gmock
[31.110s] [ 11%] [32mBuilding CXX object test/CMakeFiles/test-main.dir/test-main.cc.o[0m
[32.867s] [ 13%] [32mBuilding CXX object test/CMakeFiles/test-main.dir/util.cc.o[0m
[34.285s] [ 15%] [32mBuilding CXX object test/CMakeFiles/test-main.dir/gtest-extra.cc.o[0m
[37.051s] [ 17%] [32m[1mLinking CXX static library libtest-main.a[0m
[37.425s] [ 17%] Built target test-main
[37.511s] [ 19%] [32mBuilding CXX object test/CMakeFiles/header-only-test.dir/header-only-test.cc.o[0m
[37.542s] [ 21%] [32mBuilding CXX object test/CMakeFiles/posix-mock-test.dir/posix-mock-test.cc.o[0m
[38.639s] [ 23%] [32mBuilding CXX object test/CMakeFiles/header-only-test.dir/header-only-test2.cc.o[0m
[39.561s] [ 25%] [32mBuilding CXX object test/CMakeFiles/header-only-test.dir/test-main.cc.o[0m
[39.570s] [ 27%] [32mBuilding CXX object test/CMakeFiles/core-test.dir/core-test.cc.o[0m
[40.727s] [ 29%] [32mBuilding CXX object test/CMakeFiles/color-test.dir/color-test.cc.o[0m
[41.391s] [ 31%] [32m[1mLinking CXX executable ../bin/header-only-test[0m
[42.024s] [ 31%] Built target header-only-test
[43.102s] [ 33%] [32mBuilding CXX object test/CMakeFiles/grisu-test.dir/grisu-test.cc.o[0m
[45.335s] [ 35%] [32mBuilding CXX object test/CMakeFiles/chrono-test.dir/chrono-test.cc.o[0m
[47.543s] [ 37%] [32mBuilding CXX object test/CMakeFiles/assert-test.dir/assert-test.cc.o[0m
[49.407s] [ 39%] [32m[1mLinking CXX executable ../bin/grisu-test[0m
[50.095s] [ 39%] Built target grisu-test
[50.504s] [ 41%] [32m[1mLinking CXX executable ../bin/assert-test[0m
[51.218s] [ 41%] Built target assert-test
[55.555s] [ 43%] [32mBuilding CXX object test/CMakeFiles/posix-mock-test.dir/__/src/format.cc.o[0m
[56.348s] [ 45%] [32m[1mLinking CXX executable ../bin/color-test[0m
[56.730s] [ 45%] Built target color-test
[64.044s] [ 47%] [32mBuilding CXX object test/CMakeFiles/posix-mock-test.dir/test-main.cc.o[0m
[65.601s] [ 49%] [32mBuilding CXX object test/CMakeFiles/posix-mock-test.dir/gtest-extra.cc.o[0m
[68.462s] [ 50%] [32mBuilding CXX object test/CMakeFiles/posix-mock-test.dir/util.cc.o[0m
[69.728s] [ 52%] [32m[1mLinking CXX executable ../bin/posix-mock-test[0m
[70.103s] [ 52%] Built target posix-mock-test
[79.783s] [ 54%] [32mBuilding CXX object test/CMakeFiles/locale-test.dir/locale-test.cc.o[0m
[80.050s] [ 56%] [32mBuilding CXX object test/CMakeFiles/format-impl-test.dir/format-impl-test.cc.o[0m
[81.092s] [ 58%] [32mBuilding CXX object test/CMakeFiles/format-test.dir/format-test.cc.o[0m
[81.626s] gmake[2]: *** [test/CMakeFiles/core-test.dir/build.make:76: test/CMakeFiles/core-test.dir/core-test.cc.o] Interrupt
[81.626s] gmake[2]: *** [test/CMakeFiles/format-impl-test.dir/build.make:76: test/CMakeFiles/format-impl-test.dir/format-impl-test.cc.o] Interrupt
[81.631s] gmake[1]: *** [CMakeFiles/Makefile2:321: test/CMakeFiles/core-test.dir/all] Interrupt
[81.631s] gmake[1]: *** [CMakeFiles/Makefile2:433: test/CMakeFiles/format-impl-test.dir/all] Interrupt
[81.631s] gmake[2]: *** [test/CMakeFiles/locale-test.dir/build.make:76: test/CMakeFiles/locale-test.dir/locale-test.cc.o] Interrupt
[81.632s] gmake[1]: *** [CMakeFiles/Makefile2:461: test/CMakeFiles/locale-test.dir/all] Interrupt
[81.632s] gmake[2]: *** wait: No child processes.  Stop.
[81.632s] gmake[2]: *** Waiting for unfinished jobs....
[81.632s] gmake[2]: *** wait: No child processes.  Stop.
[81.632s] gmake[1]: *** [CMakeFiles/Makefile2:405: test/CMakeFiles/format-test.dir/all] Error 2
[81.632s] gmake[2]: *** [test/CMakeFiles/chrono-test.dir/build.make:76: test/CMakeFiles/chrono-test.dir/chrono-test.cc.o] Interrupt
[81.633s] gmake[1]: *** [CMakeFiles/Makefile2:265: test/CMakeFiles/chrono-test.dir/all] Interrupt
[81.633s] gmake: *** [Makefile:146: all] Interrupt
