-- Create Release Build.
-- Found ament_cmake: 1.3.11 (/opt/ros/humble/share/ament_cmake/cmake)
-- Found builtin_interfaces: 1.2.1 (/opt/ros/humble/share/builtin_interfaces/cmake)
-- Found rosidl_generator_c: 3.1.6 (/opt/ros/humble/share/rosidl_generator_c/cmake)
-- Found rosidl_adapter: 3.1.6 (/opt/ros/humble/share/rosidl_adapter/cmake)
-- Found rosidl_generator_cpp: 3.1.6 (/opt/ros/humble/share/rosidl_generator_cpp/cmake)
-- Using all available rosidl_typesupport_c: rosidl_typesupport_fastrtps_c;rosidl_typesupport_introspection_c
-- Using all available rosidl_typesupport_cpp: rosidl_typesupport_fastrtps_cpp;rosidl_typesupport_introspection_cpp
-- Found cv_bridge: 3.2.1 (/opt/ros/humble/share/cv_bridge/cmake)
-- Found image_transport: 3.1.11 (/opt/ros/humble/share/image_transport/cmake)
-- Found rmw_implementation_cmake: 6.1.2 (/opt/ros/humble/share/rmw_implementation_cmake/cmake)
-- Found rmw_fastrtps_cpp: 6.2.7 (/opt/ros/humble/share/rmw_fastrtps_cpp/cmake)
-- Using RMW implementation 'rmw_fastrtps_cpp' as default
-- Found rclcpp_action: 16.0.12 (/opt/ros/humble/share/rclcpp_action/cmake)
-- Found rclcpp_components: 16.0.12 (/opt/ros/humble/share/rclcpp_components/cmake)
-- Found realsense2_camera_msgs: 4.55.1 (/home/lunabotics/2025-tibalt-bot/install/realsense2_camera_msgs/share/realsense2_camera_msgs/cmake)
-- Found std_srvs: 4.8.0 (/opt/ros/humble/share/std_srvs/cmake)
-- Found nav_msgs: 4.8.0 (/opt/ros/humble/share/nav_msgs/cmake)
-- Found tf2_ros: 0.25.12 (/opt/ros/humble/share/tf2_ros/cmake)
-- Found diagnostic_updater: 4.0.3 (/opt/ros/humble/share/diagnostic_updater/cmake)
-- Build for ROS2 Humble
-- Found ament_cmake_gtest: 1.3.11 (/opt/ros/humble/share/ament_cmake_gtest/cmake)
-- Found gtest sources under '/opt/ros/humble/src/gtest_vendor': C++ tests using 'Google Test' will be built
-- Found ament_cmake_pytest: 1.3.11 (/opt/ros/humble/share/ament_cmake_pytest/cmake)
-- rs_device_info:
-- Device Name                   Serial Number       Firmware Version
Intel RealSense D435I         033322071026        5.16.0.1
Intel RealSense D435I         048522075108        5.15.1

-- D455 device found
-- Configuring done
-- Generating done
-- Build files have been written to: /home/lunabotics/2025-tibalt-bot/build/realsense2_camera
[  8%] [32mBuilding CXX object gtest/CMakeFiles/gtest_main.dir/src/gtest_main.cc.o[0m
[  8%] [32mBuilding CXX object CMakeFiles/realsense2_camera_node.dir/rclcpp_components/node_main_realsense2_camera_node.cpp.o[0m
[ 16%] [32mBuilding CXX object CMakeFiles/realsense2_camera.dir/src/parameters.cpp.o[0m
[ 20%] [32mBuilding CXX object gtest/CMakeFiles/gtest.dir/src/gtest-all.cc.o[0m
[ 20%] [32mBuilding CXX object CMakeFiles/realsense2_camera.dir/src/realsense_node_factory.cpp.o[0m
[ 24%] [32mBuilding CXX object CMakeFiles/realsense2_camera.dir/src/base_realsense_node.cpp.o[0m
[ 28%] [32m[1mLinking CXX static library libgtest_main.a[0m
[ 28%] Built target gtest_main
[ 32%] [32mBuilding CXX object CMakeFiles/realsense2_camera.dir/src/rs_node_setup.cpp.o[0m
[ 36%] [32m[1mLinking CXX executable realsense2_camera_node[0m
[ 36%] Built target realsense2_camera_node
[ 40%] [32mBuilding CXX object CMakeFiles/realsense2_camera.dir/src/ros_sensor.cpp.o[0m
[01m[K/home/lunabotics/2025-tibalt-bot/src/realsense2_camera/realsense2_camera/src/base_realsense_node.cpp:[m[K In member function â€˜[01m[Kvoid realsense2_camera::BaseRealSenseNode::setupFilters()[m[Kâ€™:
[01m[K/home/lunabotics/2025-tibalt-bot/src/realsense2_camera/realsense2_camera/src/base_realsense_node.cpp:232:76:[m[K [01;31m[Kerror: [m[Kâ€˜[01m[Krotation_filter[m[Kâ€™ is not a member of â€˜[01m[Krs2[m[Kâ€™; did you mean â€˜[01m[Kspatial_filter[m[Kâ€™?
  232 |     _filters.push_back(std::make_shared<NamedFilter>(std::make_shared<rs2::[01;31m[Krotation_filter[m[K>(std::vector< rs2_stream >{ RS2_STREAM_DEPTH, RS2_STREAM_COLOR, RS2_STREAM_INFRARED }), _parameters, _logger));
      |                                                                            [01;31m[K^~~~~~~~~~~~~~~[m[K
      |                                                                            [32m[Kspatial_filter[m[K
[01m[K/home/lunabotics/2025-tibalt-bot/src/realsense2_camera/realsense2_camera/src/base_realsense_node.cpp:232:92:[m[K [01;31m[Kerror: [m[Kno matching function for call to â€˜[01m[Kmake_shared<<expression error> >(std::vector<rs2_stream>)[m[Kâ€™
  232 |     _filters.push_back(std::make_shared<NamedFilter>([01;31m[Kstd::make_shared<rs2::rotation_filter>(std::vector< rs2_stream >{ RS2_STREAM_DEPTH, RS2_STREAM_COLOR, RS2_STREAM_INFRARED })[m[K, _parameters, _logger));
      |                                                      [01;31m[K~~~~~~~~~~~~~~~~~~~~~~~~~~~~~~~~~~~~~~^~~~~~~~~~~~~~~~~~~~~~~~~~~~~~~~~~~~~~~~~~~~~~~~~~~~~~~~~~~~~~~~~~~~~~~~~~~~~~~~~~~~~~[m[K
In file included from [01m[K/usr/include/c++/11/memory:77[m[K,
                 from [01m[K/usr/include/librealsense2/hpp/rs_types.hpp:18[m[K,
                 from [01m[K/usr/include/librealsense2/rs.hpp:8[m[K,
                 from [01m[K/home/lunabotics/2025-tibalt-bot/src/realsense2_camera/realsense2_camera/src/../include/base_realsense_node.h:17[m[K,
                 from [01m[K/home/lunabotics/2025-tibalt-bot/src/realsense2_camera/realsense2_camera/src/base_realsense_node.cpp:15[m[K:
[01m[K/usr/include/c++/11/bits/shared_ptr.h:875:5:[m[K [01;36m[Knote: [m[Kcandidate: â€˜[01m[Ktemplate<class _Tp, class ... _Args> std::shared_ptr<_Tp> std::make_shared(_Args&& ...)[m[Kâ€™
  875 |     [01;36m[Kmake_shared[m[K(_Args&&... __args)
      |     [01;36m[K^~~~~~~~~~~[m[K
[01m[K/usr/include/c++/11/bits/shared_ptr.h:875:5:[m[K [01;36m[Knote: [m[K  template argument deduction/substitution failed:
[01m[K/home/lunabotics/2025-tibalt-bot/src/realsense2_camera/realsense2_camera/src/base_realsense_node.cpp:232:92:[m[K [01;31m[Kerror: [m[Ktemplate argument 1 is invalid
  232 |     _filters.push_back(std::make_shared<NamedFilter>([01;31m[Kstd::make_shared<rs2::rotation_filter>(std::vector< rs2_stream >{ RS2_STREAM_DEPTH, RS2_STREAM_COLOR, RS2_STREAM_INFRARED })[m[K, _parameters, _logger));
      |                                                      [01;31m[K~~~~~~~~~~~~~~~~~~~~~~~~~~~~~~~~~~~~~~^~~~~~~~~~~~~~~~~~~~~~~~~~~~~~~~~~~~~~~~~~~~~~~~~~~~~~~~~~~~~~~~~~~~~~~~~~~~~~~~~~~~~~[m[K
[01m[K/home/lunabotics/2025-tibalt-bot/src/realsense2_camera/realsense2_camera/src/base_realsense_node.cpp:[m[K In member function â€˜[01m[Kvoid realsense2_camera::BaseRealSenseNode::imu_callback(rs2::frame)[m[Kâ€™:
[01m[K/home/lunabotics/2025-tibalt-bot/src/realsense2_camera/realsense2_camera/src/base_realsense_node.cpp:522:71:[m[K [01;31m[Kerror: [m[Kâ€˜[01m[Kclass rs2::motion_frame[m[Kâ€™ has no member named â€˜[01m[Kget_combined_motion_data[m[Kâ€™
  522 |             auto combined_motion_data = frame.as<rs2::motion_frame>().[01;31m[Kget_combined_motion_data[m[K();
      |                                                                       [01;31m[K^~~~~~~~~~~~~~~~~~~~~~~~[m[K
[01m[K/home/lunabotics/2025-tibalt-bot/src/realsense2_camera/realsense2_camera/src/rs_node_setup.cpp:[m[K In member function â€˜[01m[Kvoid realsense2_camera::BaseRealSenseNode::CalibConfigReadService(realsense2_camera_msgs::srv::CalibConfigRead_Request_<std::allocator<void> >::SharedPtr, realsense2_camera_msgs::srv::CalibConfigRead_Response_<std::allocator<void> >::SharedPtr)[m[Kâ€™:
[01m[K/home/lunabotics/2025-tibalt-bot/src/realsense2_camera/realsense2_camera/src/rs_node_setup.cpp:618:68:[m[K [01;31m[Kerror: [m[Kâ€˜[01m[Kclass rs2::auto_calibrated_device[m[Kâ€™ has no member named â€˜[01m[Kget_calibration_config[m[Kâ€™; did you mean â€˜[01m[Kget_calibration_table[m[Kâ€™?
  618 |         res->calib_config = _dev.as<rs2::auto_calibrated_device>().[01;31m[Kget_calibration_config[m[K();
      |                                                                    [01;31m[K^~~~~~~~~~~~~~~~~~~~~~[m[K
      |                                                                    [32m[Kget_calibration_table[m[K
[01m[K/home/lunabotics/2025-tibalt-bot/src/realsense2_camera/realsense2_camera/src/rs_node_setup.cpp:[m[K In member function â€˜[01m[Kvoid realsense2_camera::BaseRealSenseNode::CalibConfigWriteService(realsense2_camera_msgs::srv::CalibConfigWrite_Request_<std::allocator<void> >::SharedPtr, realsense2_camera_msgs::srv::CalibConfigWrite_Response_<std::allocator<void> >::SharedPtr)[m[Kâ€™:
[01m[K/home/lunabotics/2025-tibalt-bot/src/realsense2_camera/realsense2_camera/src/rs_node_setup.cpp:632:48:[m[K [01;31m[Kerror: [m[Kâ€˜[01m[Kclass rs2::auto_calibrated_device[m[Kâ€™ has no member named â€˜[01m[Kset_calibration_config[m[Kâ€™; did you mean â€˜[01m[Kset_calibration_table[m[Kâ€™?
  632 |         _dev.as<rs2::auto_calibrated_device>().[01;31m[Kset_calibration_config[m[K(req->calib_config);
      |                                                [01;31m[K^~~~~~~~~~~~~~~~~~~~~~[m[K
      |                                                [32m[Kset_calibration_table[m[K
[ 44%] [32m[1mLinking CXX static library libgtest.a[0m
[ 44%] Built target gtest
[ 48%] [32mBuilding CXX object CMakeFiles/realsense2_camera.dir/src/ros_utils.cpp.o[0m
[ 52%] [32mBuilding CXX object CMakeFiles/gtest_template.dir/test/gtest_template.cpp.o[0m
[ 56%] [32m[1mLinking CXX executable gtest_template[0m
[ 56%] Built target gtest_template
[ 60%] [32mBuilding CXX object CMakeFiles/realsense2_camera.dir/src/dynamic_params.cpp.o[0m
gmake[2]: *** [CMakeFiles/realsense2_camera.dir/build.make:90: CMakeFiles/realsense2_camera.dir/src/base_realsense_node.cpp.o] Error 1
gmake[2]: *** Waiting for unfinished jobs....
gmake[2]: *** [CMakeFiles/realsense2_camera.dir/build.make:118: CMakeFiles/realsense2_camera.dir/src/rs_node_setup.cpp.o] Error 1
gmake[1]: *** [CMakeFiles/Makefile2:159: CMakeFiles/realsense2_camera.dir/all] Error 2
gmake: *** [Makefile:146: all] Error 2
