[0.043s] Invoking command in '/home/lunabotics/2025-tibalt-bot/build/realsense2_camera': AMENT_PREFIX_PATH=/home/lunabotics/2025-tibalt-bot/install/realsense2_camera_msgs:${AMENT_PREFIX_PATH} CMAKE_PREFIX_PATH=/home/lunabotics/2025-tibalt-bot/install/realsense2_camera_msgs:/home/lunabotics/2025-tibalt-bot/install/micro_ros_agent:/home/lunabotics/2025-tibalt-bot/install/micro_ros_msgs:/opt/ros/humble:/home/lunabotics/2025-tibalt-bot/install/rover_control LD_LIBRARY_PATH=/home/lunabotics/2025-tibalt-bot/install/realsense2_camera_msgs/lib:${LD_LIBRARY_PATH} PYTHONPATH=/home/lunabotics/2025-tibalt-bot/install/realsense2_camera_msgs/local/lib/python3.10/dist-packages:${PYTHONPATH} /usr/bin/cmake /home/lunabotics/2025-tibalt-bot/src/realsense2_camera/realsense2_camera -DCMAKE_INSTALL_PREFIX=/home/lunabotics/2025-tibalt-bot/install/realsense2_camera
[0.121s] -- Create Release Build.
[0.121s] -- Found ament_cmake: 1.3.11 (/opt/ros/humble/share/ament_cmake/cmake)
[0.536s] -- Found builtin_interfaces: 1.2.1 (/opt/ros/humble/share/builtin_interfaces/cmake)
[0.609s] -- Found rosidl_generator_c: 3.1.6 (/opt/ros/humble/share/rosidl_generator_c/cmake)
[0.614s] -- Found rosidl_adapter: 3.1.6 (/opt/ros/humble/share/rosidl_adapter/cmake)
[0.627s] -- Found rosidl_generator_cpp: 3.1.6 (/opt/ros/humble/share/rosidl_generator_cpp/cmake)
[0.648s] -- Using all available rosidl_typesupport_c: rosidl_typesupport_fastrtps_c;rosidl_typesupport_introspection_c
[0.677s] -- Using all available rosidl_typesupport_cpp: rosidl_typesupport_fastrtps_cpp;rosidl_typesupport_introspection_cpp
[0.711s] -- Found cv_bridge: 3.2.1 (/opt/ros/humble/share/cv_bridge/cmake)
[0.880s] -- Found image_transport: 3.1.11 (/opt/ros/humble/share/image_transport/cmake)
[0.971s] -- Found rmw_implementation_cmake: 6.1.2 (/opt/ros/humble/share/rmw_implementation_cmake/cmake)
[0.975s] -- Found rmw_fastrtps_cpp: 6.2.7 (/opt/ros/humble/share/rmw_fastrtps_cpp/cmake)
[1.206s] -- Using RMW implementation 'rmw_fastrtps_cpp' as default
[1.343s] -- Found rclcpp_action: 16.0.12 (/opt/ros/humble/share/rclcpp_action/cmake)
[1.404s] -- Found rclcpp_components: 16.0.12 (/opt/ros/humble/share/rclcpp_components/cmake)
[1.439s] -- Found realsense2_camera_msgs: 4.55.1 (/home/lunabotics/2025-tibalt-bot/install/realsense2_camera_msgs/share/realsense2_camera_msgs/cmake)
[1.482s] -- Found std_srvs: 4.8.0 (/opt/ros/humble/share/std_srvs/cmake)
[1.500s] -- Found nav_msgs: 4.8.0 (/opt/ros/humble/share/nav_msgs/cmake)
[1.533s] -- Found tf2_ros: 0.25.12 (/opt/ros/humble/share/tf2_ros/cmake)
[1.594s] -- Found diagnostic_updater: 4.0.3 (/opt/ros/humble/share/diagnostic_updater/cmake)
[1.656s] -- Build for ROS2 Humble
[1.675s] -- Found ament_cmake_gtest: 1.3.11 (/opt/ros/humble/share/ament_cmake_gtest/cmake)
[1.683s] -- Found gtest sources under '/opt/ros/humble/src/gtest_vendor': C++ tests using 'Google Test' will be built
[1.701s] -- Found ament_cmake_pytest: 1.3.11 (/opt/ros/humble/share/ament_cmake_pytest/cmake)
[10.687s] -- rs_device_info:
[10.687s] -- Device Name                   Serial Number       Firmware Version
[10.688s] Intel RealSense D435I         033322071026        5.16.0.1
[10.688s] Intel RealSense D435I         048522075108        5.15.1
[10.688s] 
[10.688s] -- D455 device found
[19.112s] -- Configuring done
[19.200s] -- Generating done
[19.220s] -- Build files have been written to: /home/lunabotics/2025-tibalt-bot/build/realsense2_camera
[19.267s] Invoked command in '/home/lunabotics/2025-tibalt-bot/build/realsense2_camera' returned '0': AMENT_PREFIX_PATH=/home/lunabotics/2025-tibalt-bot/install/realsense2_camera_msgs:${AMENT_PREFIX_PATH} CMAKE_PREFIX_PATH=/home/lunabotics/2025-tibalt-bot/install/realsense2_camera_msgs:/home/lunabotics/2025-tibalt-bot/install/micro_ros_agent:/home/lunabotics/2025-tibalt-bot/install/micro_ros_msgs:/opt/ros/humble:/home/lunabotics/2025-tibalt-bot/install/rover_control LD_LIBRARY_PATH=/home/lunabotics/2025-tibalt-bot/install/realsense2_camera_msgs/lib:${LD_LIBRARY_PATH} PYTHONPATH=/home/lunabotics/2025-tibalt-bot/install/realsense2_camera_msgs/local/lib/python3.10/dist-packages:${PYTHONPATH} /usr/bin/cmake /home/lunabotics/2025-tibalt-bot/src/realsense2_camera/realsense2_camera -DCMAKE_INSTALL_PREFIX=/home/lunabotics/2025-tibalt-bot/install/realsense2_camera
[19.272s] Invoking command in '/home/lunabotics/2025-tibalt-bot/build/realsense2_camera': AMENT_PREFIX_PATH=/home/lunabotics/2025-tibalt-bot/install/realsense2_camera_msgs:${AMENT_PREFIX_PATH} CMAKE_PREFIX_PATH=/home/lunabotics/2025-tibalt-bot/install/realsense2_camera_msgs:/home/lunabotics/2025-tibalt-bot/install/micro_ros_agent:/home/lunabotics/2025-tibalt-bot/install/micro_ros_msgs:/opt/ros/humble:/home/lunabotics/2025-tibalt-bot/install/rover_control LD_LIBRARY_PATH=/home/lunabotics/2025-tibalt-bot/install/realsense2_camera_msgs/lib:${LD_LIBRARY_PATH} PYTHONPATH=/home/lunabotics/2025-tibalt-bot/install/realsense2_camera_msgs/local/lib/python3.10/dist-packages:${PYTHONPATH} /usr/bin/cmake --build /home/lunabotics/2025-tibalt-bot/build/realsense2_camera -- -j6 -l6
[19.418s] [  8%] [32mBuilding CXX object gtest/CMakeFiles/gtest_main.dir/src/gtest_main.cc.o[0m
[19.418s] [  8%] [32mBuilding CXX object CMakeFiles/realsense2_camera_node.dir/rclcpp_components/node_main_realsense2_camera_node.cpp.o[0m
[19.419s] [ 16%] [32mBuilding CXX object CMakeFiles/realsense2_camera.dir/src/parameters.cpp.o[0m
[19.419s] [ 20%] [32mBuilding CXX object gtest/CMakeFiles/gtest.dir/src/gtest-all.cc.o[0m
[19.421s] [ 20%] [32mBuilding CXX object CMakeFiles/realsense2_camera.dir/src/realsense_node_factory.cpp.o[0m
[19.445s] [ 24%] [32mBuilding CXX object CMakeFiles/realsense2_camera.dir/src/base_realsense_node.cpp.o[0m
[21.791s] [ 28%] [32m[1mLinking CXX static library libgtest_main.a[0m
[21.930s] [ 28%] Built target gtest_main
[21.962s] [ 32%] [32mBuilding CXX object CMakeFiles/realsense2_camera.dir/src/rs_node_setup.cpp.o[0m
[34.499s] [ 36%] [32m[1mLinking CXX executable realsense2_camera_node[0m
[35.274s] [ 36%] Built target realsense2_camera_node
[35.308s] [ 40%] [32mBuilding CXX object CMakeFiles/realsense2_camera.dir/src/ros_sensor.cpp.o[0m
[41.073s] [01m[K/home/lunabotics/2025-tibalt-bot/src/realsense2_camera/realsense2_camera/src/base_realsense_node.cpp:[m[K In member function â€˜[01m[Kvoid realsense2_camera::BaseRealSenseNode::setupFilters()[m[Kâ€™:
[41.073s] [01m[K/home/lunabotics/2025-tibalt-bot/src/realsense2_camera/realsense2_camera/src/base_realsense_node.cpp:232:76:[m[K [01;31m[Kerror: [m[Kâ€˜[01m[Krotation_filter[m[Kâ€™ is not a member of â€˜[01m[Krs2[m[Kâ€™; did you mean â€˜[01m[Kspatial_filter[m[Kâ€™?
[41.073s]   232 |     _filters.push_back(std::make_shared<NamedFilter>(std::make_shared<rs2::[01;31m[Krotation_filter[m[K>(std::vector< rs2_stream >{ RS2_STREAM_DEPTH, RS2_STREAM_COLOR, RS2_STREAM_INFRARED }), _parameters, _logger));
[41.074s]       |                                                                            [01;31m[K^~~~~~~~~~~~~~~[m[K
[41.074s]       |                                                                            [32m[Kspatial_filter[m[K
[41.087s] [01m[K/home/lunabotics/2025-tibalt-bot/src/realsense2_camera/realsense2_camera/src/base_realsense_node.cpp:232:92:[m[K [01;31m[Kerror: [m[Kno matching function for call to â€˜[01m[Kmake_shared<<expression error> >(std::vector<rs2_stream>)[m[Kâ€™
[41.088s]   232 |     _filters.push_back(std::make_shared<NamedFilter>([01;31m[Kstd::make_shared<rs2::rotation_filter>(std::vector< rs2_stream >{ RS2_STREAM_DEPTH, RS2_STREAM_COLOR, RS2_STREAM_INFRARED })[m[K, _parameters, _logger));
[41.088s]       |                                                      [01;31m[K~~~~~~~~~~~~~~~~~~~~~~~~~~~~~~~~~~~~~~^~~~~~~~~~~~~~~~~~~~~~~~~~~~~~~~~~~~~~~~~~~~~~~~~~~~~~~~~~~~~~~~~~~~~~~~~~~~~~~~~~~~~~[m[K
[41.091s] In file included from [01m[K/usr/include/c++/11/memory:77[m[K,
[41.091s]                  from [01m[K/usr/include/librealsense2/hpp/rs_types.hpp:18[m[K,
[41.091s]                  from [01m[K/usr/include/librealsense2/rs.hpp:8[m[K,
[41.091s]                  from [01m[K/home/lunabotics/2025-tibalt-bot/src/realsense2_camera/realsense2_camera/src/../include/base_realsense_node.h:17[m[K,
[41.092s]                  from [01m[K/home/lunabotics/2025-tibalt-bot/src/realsense2_camera/realsense2_camera/src/base_realsense_node.cpp:15[m[K:
[41.092s] [01m[K/usr/include/c++/11/bits/shared_ptr.h:875:5:[m[K [01;36m[Knote: [m[Kcandidate: â€˜[01m[Ktemplate<class _Tp, class ... _Args> std::shared_ptr<_Tp> std::make_shared(_Args&& ...)[m[Kâ€™
[41.092s]   875 |     [01;36m[Kmake_shared[m[K(_Args&&... __args)
[41.092s]       |     [01;36m[K^~~~~~~~~~~[m[K
[41.092s] [01m[K/usr/include/c++/11/bits/shared_ptr.h:875:5:[m[K [01;36m[Knote: [m[K  template argument deduction/substitution failed:
[41.092s] [01m[K/home/lunabotics/2025-tibalt-bot/src/realsense2_camera/realsense2_camera/src/base_realsense_node.cpp:232:92:[m[K [01;31m[Kerror: [m[Ktemplate argument 1 is invalid
[41.093s]   232 |     _filters.push_back(std::make_shared<NamedFilter>([01;31m[Kstd::make_shared<rs2::rotation_filter>(std::vector< rs2_stream >{ RS2_STREAM_DEPTH, RS2_STREAM_COLOR, RS2_STREAM_INFRARED })[m[K, _parameters, _logger));
[41.093s]       |                                                      [01;31m[K~~~~~~~~~~~~~~~~~~~~~~~~~~~~~~~~~~~~~~^~~~~~~~~~~~~~~~~~~~~~~~~~~~~~~~~~~~~~~~~~~~~~~~~~~~~~~~~~~~~~~~~~~~~~~~~~~~~~~~~~~~~~[m[K
[41.275s] [01m[K/home/lunabotics/2025-tibalt-bot/src/realsense2_camera/realsense2_camera/src/base_realsense_node.cpp:[m[K In member function â€˜[01m[Kvoid realsense2_camera::BaseRealSenseNode::imu_callback(rs2::frame)[m[Kâ€™:
[41.276s] [01m[K/home/lunabotics/2025-tibalt-bot/src/realsense2_camera/realsense2_camera/src/base_realsense_node.cpp:522:71:[m[K [01;31m[Kerror: [m[Kâ€˜[01m[Kclass rs2::motion_frame[m[Kâ€™ has no member named â€˜[01m[Kget_combined_motion_data[m[Kâ€™
[41.277s]   522 |             auto combined_motion_data = frame.as<rs2::motion_frame>().[01;31m[Kget_combined_motion_data[m[K();
[41.277s]       |                                                                       [01;31m[K^~~~~~~~~~~~~~~~~~~~~~~~[m[K
[43.490s] [01m[K/home/lunabotics/2025-tibalt-bot/src/realsense2_camera/realsense2_camera/src/rs_node_setup.cpp:[m[K In member function â€˜[01m[Kvoid realsense2_camera::BaseRealSenseNode::CalibConfigReadService(realsense2_camera_msgs::srv::CalibConfigRead_Request_<std::allocator<void> >::SharedPtr, realsense2_camera_msgs::srv::CalibConfigRead_Response_<std::allocator<void> >::SharedPtr)[m[Kâ€™:
[43.490s] [01m[K/home/lunabotics/2025-tibalt-bot/src/realsense2_camera/realsense2_camera/src/rs_node_setup.cpp:618:68:[m[K [01;31m[Kerror: [m[Kâ€˜[01m[Kclass rs2::auto_calibrated_device[m[Kâ€™ has no member named â€˜[01m[Kget_calibration_config[m[Kâ€™; did you mean â€˜[01m[Kget_calibration_table[m[Kâ€™?
[43.491s]   618 |         res->calib_config = _dev.as<rs2::auto_calibrated_device>().[01;31m[Kget_calibration_config[m[K();
[43.491s]       |                                                                    [01;31m[K^~~~~~~~~~~~~~~~~~~~~~[m[K
[43.491s]       |                                                                    [32m[Kget_calibration_table[m[K
[43.492s] [01m[K/home/lunabotics/2025-tibalt-bot/src/realsense2_camera/realsense2_camera/src/rs_node_setup.cpp:[m[K In member function â€˜[01m[Kvoid realsense2_camera::BaseRealSenseNode::CalibConfigWriteService(realsense2_camera_msgs::srv::CalibConfigWrite_Request_<std::allocator<void> >::SharedPtr, realsense2_camera_msgs::srv::CalibConfigWrite_Response_<std::allocator<void> >::SharedPtr)[m[Kâ€™:
[43.492s] [01m[K/home/lunabotics/2025-tibalt-bot/src/realsense2_camera/realsense2_camera/src/rs_node_setup.cpp:632:48:[m[K [01;31m[Kerror: [m[Kâ€˜[01m[Kclass rs2::auto_calibrated_device[m[Kâ€™ has no member named â€˜[01m[Kset_calibration_config[m[Kâ€™; did you mean â€˜[01m[Kset_calibration_table[m[Kâ€™?
[43.492s]   632 |         _dev.as<rs2::auto_calibrated_device>().[01;31m[Kset_calibration_config[m[K(req->calib_config);
[43.492s]       |                                                [01;31m[K^~~~~~~~~~~~~~~~~~~~~~[m[K
[43.492s]       |                                                [32m[Kset_calibration_table[m[K
[49.566s] [ 44%] [32m[1mLinking CXX static library libgtest.a[0m
[49.873s] [ 44%] Built target gtest
[49.913s] [ 48%] [32mBuilding CXX object CMakeFiles/realsense2_camera.dir/src/ros_utils.cpp.o[0m
[50.410s] [ 52%] [32mBuilding CXX object CMakeFiles/gtest_template.dir/test/gtest_template.cpp.o[0m
[53.435s] [ 56%] [32m[1mLinking CXX executable gtest_template[0m
[53.923s] [ 56%] Built target gtest_template
[53.967s] [ 60%] [32mBuilding CXX object CMakeFiles/realsense2_camera.dir/src/dynamic_params.cpp.o[0m
[55.403s] gmake[2]: *** [CMakeFiles/realsense2_camera.dir/build.make:90: CMakeFiles/realsense2_camera.dir/src/base_realsense_node.cpp.o] Error 1
[55.403s] gmake[2]: *** Waiting for unfinished jobs....
[57.738s] gmake[2]: *** [CMakeFiles/realsense2_camera.dir/build.make:118: CMakeFiles/realsense2_camera.dir/src/rs_node_setup.cpp.o] Error 1
[72.000s] gmake[1]: *** [CMakeFiles/Makefile2:159: CMakeFiles/realsense2_camera.dir/all] Error 2
[72.002s] gmake: *** [Makefile:146: all] Error 2
[72.026s] Invoked command in '/home/lunabotics/2025-tibalt-bot/build/realsense2_camera' returned '2': AMENT_PREFIX_PATH=/home/lunabotics/2025-tibalt-bot/install/realsense2_camera_msgs:${AMENT_PREFIX_PATH} CMAKE_PREFIX_PATH=/home/lunabotics/2025-tibalt-bot/install/realsense2_camera_msgs:/home/lunabotics/2025-tibalt-bot/install/micro_ros_agent:/home/lunabotics/2025-tibalt-bot/install/micro_ros_msgs:/opt/ros/humble:/home/lunabotics/2025-tibalt-bot/install/rover_control LD_LIBRARY_PATH=/home/lunabotics/2025-tibalt-bot/install/realsense2_camera_msgs/lib:${LD_LIBRARY_PATH} PYTHONPATH=/home/lunabotics/2025-tibalt-bot/install/realsense2_camera_msgs/local/lib/python3.10/dist-packages:${PYTHONPATH} /usr/bin/cmake --build /home/lunabotics/2025-tibalt-bot/build/realsense2_camera -- -j6 -l6
