[0.038s] Invoking command in '/home/lunabotics/2025-tibalt-bot/build/micro_ros_msgs': CMAKE_PREFIX_PATH=${CMAKE_PREFIX_PATH}:/home/lunabotics/2025-tibalt-bot/install/rover_control /usr/bin/cmake --build /home/lunabotics/2025-tibalt-bot/build/micro_ros_msgs -- -j6 -l6
[0.122s] -- Found ament_cmake: 1.3.11 (/opt/ros/humble/share/ament_cmake/cmake)
[0.471s] Traceback (most recent call last):
[0.472s]   File "/opt/ros/humble/share/ament_cmake_core/cmake/package_templates/templates_2_cmake.py", line 21, in <module>
[0.472s]     from ament_package.templates import get_environment_hook_template_path
[0.472s] ModuleNotFoundError: No module named 'ament_package'
[0.522s] [31mCMake Error at /opt/ros/humble/share/ament_cmake_core/cmake/ament_cmake_package_templates-extras.cmake:41 (message):
[0.522s]   execute_process(/usr/bin/python3
[0.523s]   /opt/ros/humble/share/ament_cmake_core/cmake/package_templates/templates_2_cmake.py
[0.524s]   /home/lunabotics/2025-tibalt-bot/build/micro_ros_msgs/ament_cmake_package_templates/templates.cmake)
[0.524s]   returned error code 1
[0.524s] Call Stack (most recent call first):
[0.524s]   /opt/ros/humble/share/ament_cmake_core/cmake/ament_cmake_coreConfig.cmake:41 (include)
[0.525s]   /opt/ros/humble/share/ament_cmake/cmake/ament_cmake_export_dependencies-extras.cmake:15 (find_package)
[0.525s]   /opt/ros/humble/share/ament_cmake/cmake/ament_cmakeConfig.cmake:41 (include)
[0.525s]   CMakeLists.txt:19 (find_package)
[0.525s] 
[0.525s] [0m
[0.526s] -- Configuring incomplete, errors occurred!
[0.526s] See also "/home/lunabotics/2025-tibalt-bot/build/micro_ros_msgs/CMakeFiles/CMakeOutput.log".
[0.536s] gmake: *** [Makefile:1179: cmake_check_build_system] Error 1
[0.621s] Invoked command in '/home/lunabotics/2025-tibalt-bot/build/micro_ros_msgs' returned '2': CMAKE_PREFIX_PATH=${CMAKE_PREFIX_PATH}:/home/lunabotics/2025-tibalt-bot/install/rover_control /usr/bin/cmake --build /home/lunabotics/2025-tibalt-bot/build/micro_ros_msgs -- -j6 -l6
